{
  "stats": {
    "suites": 1,
    "tests": 1,
    "passes": 0,
    "pending": 0,
    "failures": 1,
    "start": "2020-09-02T09:19:50.688Z",
    "end": "2020-09-02T09:19:59.016Z",
    "duration": 8328,
    "testsRegistered": 1,
    "passPercent": 0,
    "pendingPercent": 0,
    "other": 0,
    "hasOther": false,
    "skipped": 0,
    "hasSkipped": false
  },
  "results": [
    {
      "uuid": "d2b74855-b723-4e98-ad5c-7332bef7ee70",
      "title": "",
      "fullFile": "cypress\\integration\\examples\\GreenKart\\Test2.js",
      "file": "cypress\\integration\\examples\\GreenKart\\Test2.js",
      "beforeHooks": [],
      "afterHooks": [],
      "tests": [],
      "suites": [
        {
          "uuid": "482e05cf-1e80-4682-b477-e0a384a59916",
          "title": "My second Cypress test suite",
          "fullFile": "",
          "file": "",
          "beforeHooks": [],
          "afterHooks": [],
          "tests": [
            {
              "title": "second Cypress test case",
              "fullTitle": "My second Cypress test suite second Cypress test case",
              "timedOut": null,
              "duration": 2569,
              "state": "failed",
              "speed": null,
              "pass": false,
              "fail": true,
              "pending": false,
              "context": null,
              "code": "// test steps - handling checkboxes\ncy.visit(\"https://rahulshettyacademy.com/\"); //AutomationPractice\ncy.get('#checkBoxOption1').check().should('be.checked').and('have.value', 'option1');\ncy.get('#checkBoxOption1').uncheck().should('not.be.checked');\ncy.get('input[type=\"checkbox\"]').check(['option2', 'option3']); //static dropdown\ncy.get('select').select('Option2').should('have.value', 'option2'); //dynamic dropdowns\ncy.get('#autocomplete').type('ind');\ncy.get('.ui-menu-item div').each(function ($el, index, $list) {\n  if ($el.text() === \"India\") {\n    $el.click();\n  }\n});\ncy.get('#autocomplete').should('have.value', 'India'); //Visible and hidden elements\ncy.get('#displayed-text').should('be.visible');\ncy.get('#hide-textbox').click();\ncy.get('#displayed-text').should('not.be.visible');\ncy.get('#show-textbox').click();\ncy.get('#displayed-text').should('be.visible'); //Radio button\ncy.get('[value=\"radio2\"]').check().should('be.checked');",
              "err": {
                "message": "SyntaxError: The following error originated from your application code, not from Cypress.\n\n  > Unexpected token '.'\n\nWhen Cypress detects uncaught errors originating from your application it will automatically fail the current test.\n\nThis behavior is configurable, and you can choose to turn this off by listening to the `uncaught:exception` event.\n\nhttps://on.cypress.io/uncaught-exception-from-application",
                "estack": "SyntaxError: The following error originated from your application code, not from Cypress.\n\n  > Unexpected token '.'\n\nWhen Cypress detects uncaught errors originating from your application it will automatically fail the current test.\n\nThis behavior is configurable, and you can choose to turn this off by listening to the `uncaught:exception` event.\n\nhttps://on.cypress.io/uncaught-exception-from-application",
                "diff": null
              },
              "uuid": "985012f0-a2a6-4c30-be9e-74587a8736f5",
              "parentUUID": "482e05cf-1e80-4682-b477-e0a384a59916",
              "isHook": false,
              "skipped": false
            }
          ],
          "suites": [],
          "passes": [],
          "failures": [
            "985012f0-a2a6-4c30-be9e-74587a8736f5"
          ],
          "pending": [],
          "skipped": [],
          "duration": 2569,
          "root": false,
          "rootEmpty": false,
          "_timeout": 2000
        }
      ],
      "passes": [],
      "failures": [],
      "pending": [],
      "skipped": [],
      "duration": 0,
      "root": true,
      "rootEmpty": true,
      "_timeout": 2000
    }
  ],
  "meta": {
    "mocha": {
      "version": "7.0.1"
    },
    "mochawesome": {
      "options": {
        "quiet": false,
        "reportFilename": "mochawesome",
        "saveHtml": true,
        "saveJson": true,
        "consoleReporter": "spec",
        "useInlineDiffs": false,
        "code": true
      },
      "version": "6.1.1"
    },
    "marge": {
      "options": null,
      "version": "5.1.0"
    }
  }
}